<?xml version="1.0" encoding="UTF-8"?>
<!-- Generated by org.testng.reporters.JUnitReportReporter -->
<testsuite hostname="LAPTOP-ELRM44UP" failures="0" tests="1" name="demo.LoginTest" time="7.937" errors="0" timestamp="2025-07-28T21:07:00 IST" skipped="0">
  <testcase classname="demo.LoginTest" name="testLogin" time="7.937"/>
</testsuite> <!-- demo.LoginTest -->
