<?xml version="1.0" encoding="UTF-8"?>
<!-- Generated by org.testng.reporters.JUnitReportReporter -->
<testsuite hostname="LAPTOP-ELRM44UP" failures="0" tests="1" name="Test.TestNG_Demo2" time="4.570" errors="0" timestamp="2025-07-10T22:17:16 IST" skipped="0">
  <testcase classname="Test.TestNG_Demo2" name="googleSearch" time="4.570"/>
</testsuite> <!-- Test.TestNG_Demo2 -->
