<?xml version="1.0" encoding="UTF-8"?>
<!-- Generated by org.testng.reporters.JUnitReportReporter -->
<testsuite hostname="LAPTOP-ELRM44UP" failures="0" tests="1" name="demo.TestNGParametersDemo" time="0.009" errors="0" timestamp="2025-07-27T20:18:43 IST" skipped="0">
  <testcase classname="demo.TestNGParametersDemo" name="test" time="0.009"/>
</testsuite> <!-- demo.TestNGParametersDemo -->
