<?xml version="1.0" encoding="UTF-8"?>
<!-- Generated by org.testng.reporters.JUnitReportReporter -->
<testsuite hostname="LAPTOP-ELRM44UP" failures="0" tests="4" name="demo.TestNGGroupsDemo" time="0.016" errors="0" timestamp="2025-07-27T20:30:21 IST" skipped="0">
  <testcase classname="demo.TestNGGroupsDemo" name="test2" time="0.001"/>
  <testcase classname="demo.TestNGGroupsDemo" name="test3" time="0.001"/>
  <testcase classname="demo.TestNGGroupsDemo" name="test1" time="0.012"/>
  <testcase classname="demo.TestNGGroupsDemo" name="test4" time="0.002"/>
</testsuite> <!-- demo.TestNGGroupsDemo -->
