<?xml version="1.0" encoding="UTF-8"?>
<!-- Generated by org.testng.reporters.JUnitReportReporter -->
<testsuite hostname="LAPTOP-ELRM44UP" failures="0" tests="3" name="demo.TestNGIgnoreDemo" time="0.008" errors="0" timestamp="2025-07-27T20:40:40 IST" skipped="2">
  <testcase classname="demo.TestNGIgnoreDemo" name="test3" time="0.008"/>
  <testcase classname="demo.TestNGIgnoreDemo" name="test2">
    <skipped/>
  </testcase> <!-- test2 -->
  <testcase classname="demo.TestNGIgnoreDemo" name="test1">
    <skipped/>
  </testcase> <!-- test1 -->
</testsuite> <!-- demo.TestNGIgnoreDemo -->
